<?xml version="1.0" encoding="UTF-8"?>
<robot generator="Robot 7.0 (Python 3.12.1 on darwin)" generated="2024-01-12T23:19:48.947081" rpa="false" schemaversion="5">
<suite id="s1" name="Hello" source="/Users/julianaantunesmachado/GitHub/robot-discover/projects/walkdogs/hello.robot">
<test id="s1-t1" name="Show welcome message" line="5">
<kw name="Log To Console" owner="BuiltIn">
<arg>Hello, Robot!</arg>
<doc>Logs the given message to the console.</doc>
<status status="PASS" start="2024-01-12T23:19:48.957866" elapsed="0.000099"/>
</kw>
<status status="PASS" start="2024-01-12T23:19:48.957552" elapsed="0.000740"/>
</test>
<doc>First Robot test in this project</doc>
<status status="PASS" start="2024-01-12T23:19:48.947761" elapsed="0.010754"/>
</suite>
<statistics>
<total>
<stat pass="1" fail="0" skip="0">All Tests</stat>
</total>
<tag>
</tag>
<suite>
<stat pass="1" fail="0" skip="0" id="s1" name="Hello">Hello</stat>
</suite>
</statistics>
<errors>
</errors>
</robot>
